[ 2018-01-27T00:17:05+08:00 ] 127.0.0.1 /pingshifen/index.php
INFO: [ app_init ] --START--
INFO: Run Behavior\BuildLiteBehavior [ RunTime:0.000028s ]
SQL: SHOW COLUMNS FROM `onethink_hooks` [ RunTime:0.0021s ]
SQL: SELECT `name`,`addons` FROM `onethink_hooks`  [ RunTime:0.0016s ]
SQL: SHOW COLUMNS FROM `onethink_addons` [ RunTime:0.0014s ]
SQL: SELECT `id`,`name` FROM `onethink_addons` WHERE `status` = 1 AND `name` IN ('ReturnTop')  [ RunTime:0.0009s ]
SQL: SELECT `id`,`name` FROM `onethink_addons` WHERE `status` = 1 AND `name` IN ('Attachment')  [ RunTime:0.0004s ]
SQL: SELECT `id`,`name` FROM `onethink_addons` WHERE `status` = 1 AND `name` IN ('Attachment','SocialComment')  [ RunTime:0.0014s ]
SQL: SELECT `id`,`name` FROM `onethink_addons` WHERE `status` = 1 AND `name` IN ('Attachment')  [ RunTime:0.0005s ]
SQL: SELECT `id`,`name` FROM `onethink_addons` WHERE `status` = 1 AND `name` IN ('Editor')  [ RunTime:0.0003s ]
SQL: SELECT `id`,`name` FROM `onethink_addons` WHERE `status` = 1 AND `name` IN ('EditorForAdmin')  [ RunTime:0.0002s ]
SQL: SELECT `id`,`name` FROM `onethink_addons` WHERE `status` = 1 AND `name` IN ('SiteStat','SystemInfo','DevTeam')  [ RunTime:0.0002s ]
SQL: SELECT `id`,`name` FROM `onethink_addons` WHERE `status` = 1 AND `name` IN ('Editor')  [ RunTime:0.0002s ]
INFO: Run Common\Behavior\InitHookBehavior [ RunTime:0.031051s ]
INFO: [ app_init ] --END-- [ RunTime:0.032431s ]
INFO: [ app_begin ] --START--
INFO: Run Behavior\ReadHtmlCacheBehavior [ RunTime:0.000821s ]
INFO: [ app_begin ] --END-- [ RunTime:0.000930s ]
NOTIC: [2048] Declaration of Home\Controller\BaseController::ajaxReturn() should be compatible with Think\Controller::ajaxReturn($data, $type = '', $json_option = 0) /usr/local/var/www/pingshifen/Application/Home/Controller/BaseController.class.php 第 35 行.
INFO: [ app_end ] --START--
INFO: Run Behavior\ShowPageTraceBehavior [ RunTime:0.000946s ]
INFO: [ app_end ] --END-- [ RunTime:0.001066s ]

[ 2018-01-27T12:11:47+08:00 ] 127.0.0.1 /pingshifen/index.php
INFO: [ app_init ] --START--
INFO: Run Behavior\BuildLiteBehavior [ RunTime:0.000030s ]
INFO: Run Common\Behavior\InitHookBehavior [ RunTime:0.003888s ]
INFO: [ app_init ] --END-- [ RunTime:0.005277s ]
INFO: [ app_begin ] --START--
INFO: Run Behavior\ReadHtmlCacheBehavior [ RunTime:0.000975s ]
INFO: [ app_begin ] --END-- [ RunTime:0.001839s ]
NOTIC: [2048] Declaration of Home\Controller\BaseController::ajaxReturn() should be compatible with Think\Controller::ajaxReturn($data, $type = '', $json_option = 0) /usr/local/var/www/pingshifen/Application/Home/Controller/BaseController.class.php 第 35 行.
INFO: [ app_end ] --START--
INFO: Run Behavior\ShowPageTraceBehavior [ RunTime:0.000978s ]
INFO: [ app_end ] --END-- [ RunTime:0.001172s ]

[ 2018-01-27T14:57:20+08:00 ] 127.0.0.1 /pingshifen/index.php
INFO: [ app_init ] --START--
INFO: Run Behavior\BuildLiteBehavior [ RunTime:0.000051s ]
INFO: Run Common\Behavior\InitHookBehavior [ RunTime:0.003298s ]
INFO: [ app_init ] --END-- [ RunTime:0.004109s ]
INFO: [ app_begin ] --START--
INFO: Run Behavior\ReadHtmlCacheBehavior [ RunTime:0.001013s ]
INFO: [ app_begin ] --END-- [ RunTime:0.001147s ]
NOTIC: [2048] Declaration of Home\Controller\BaseController::ajaxReturn() should be compatible with Think\Controller::ajaxReturn($data, $type = '', $json_option = 0) /usr/local/var/www/pingshifen/Application/Home/Controller/BaseController.class.php 第 35 行.
INFO: [ app_end ] --START--
INFO: Run Behavior\ShowPageTraceBehavior [ RunTime:0.000750s ]
INFO: [ app_end ] --END-- [ RunTime:0.000870s ]

[ 2018-01-27T22:33:50+08:00 ] 127.0.0.1 /pingshifen/index.php
INFO: [ app_init ] --START--
INFO: Run Behavior\BuildLiteBehavior [ RunTime:0.000027s ]
INFO: Run Common\Behavior\InitHookBehavior [ RunTime:0.001091s ]
INFO: [ app_init ] --END-- [ RunTime:0.001502s ]
INFO: [ app_begin ] --START--
INFO: Run Behavior\ReadHtmlCacheBehavior [ RunTime:0.000522s ]
INFO: [ app_begin ] --END-- [ RunTime:0.005387s ]
NOTIC: [2048] Declaration of Home\Controller\BaseController::ajaxReturn() should be compatible with Think\Controller::ajaxReturn($data, $type = '', $json_option = 0) /usr/local/var/www/pingshifen/Application/Home/Controller/BaseController.class.php 第 35 行.
INFO: [ app_end ] --START--
INFO: Run Behavior\ShowPageTraceBehavior [ RunTime:0.000291s ]
INFO: [ app_end ] --END-- [ RunTime:0.000359s ]

